iMPACT Version: Jul 24 2008 23:37:45

iMPACT log file Started on Sun Nov 11 13:19:27 2018

Preference Table
Name                 Setting             
StartupClock         Auto_Correction     
AutoSignature        False               
KeepSVF              False               
ConcurrentMode       False               
UseHighz             False               
ConfigOnFailure      Stop                
UserLevel            Novice              
MessageLevel         Detailed            
svfUseTime           false               
SpiByteSwap          Auto_Correction     
AutoDetecting cable. Please wait.
Connecting to cable (Parallel Port - parport0).
 Linux release = 2.6.32-754.6.3.el6.x86_64.
WARNING:iMPACT -  Module windrvr6 is not loaded. Please reinstall the cable   drivers. See Answer Record 22648.
 Linux release = 2.6.32-754.6.3.el6.x86_64.
WARNING:iMPACT -  Module parport_pc is not loaded. Please reinstall the cable   drivers. See Answer Record 22648.
Cable connection failed.
Connecting to cable (Parallel Port - parport1).
 Linux release = 2.6.32-754.6.3.el6.x86_64.
WARNING:iMPACT -  Module windrvr6 is not loaded. Please reinstall the cable   drivers. See Answer Record 22648.
 Linux release = 2.6.32-754.6.3.el6.x86_64.
WARNING:iMPACT -  Module parport_pc is not loaded. Please reinstall the cable   drivers. See Answer Record 22648.
Cable connection failed.
Connecting to cable (Parallel Port - parport2).
 Linux release = 2.6.32-754.6.3.el6.x86_64.
WARNING:iMPACT -  Module windrvr6 is not loaded. Please reinstall the cable   drivers. See Answer Record 22648.
 Linux release = 2.6.32-754.6.3.el6.x86_64.
WARNING:iMPACT -  Module parport_pc is not loaded. Please reinstall the cable   drivers. See Answer Record 22648.
Cable connection failed.
Connecting to cable (Parallel Port - parport3).
 Linux release = 2.6.32-754.6.3.el6.x86_64.
WARNING:iMPACT -  Module windrvr6 is not loaded. Please reinstall the cable   drivers. See Answer Record 22648.
 Linux release = 2.6.32-754.6.3.el6.x86_64.
WARNING:iMPACT -  Module parport_pc is not loaded. Please reinstall the cable   drivers. See Answer Record 22648.
Cable connection failed.
 Using libusb.
Connecting to cable (Usb Port - USB21).
Checking cable driver.
File version of /sw/xilinx/ise_10.1i-x86_64/ISE/bin/lin64/xusbdfwu.hex = 1030.
File version of /usr/share/xusbdfwu.hex = 1030.
 Using libusb.
 Max current requested during enumeration is 74 mA.
Type = 0x0004.
 Cable Type = 3, Revision = 0.
 Setting cable speed to 6 MHz.
Cable connection established.
Firmware version = 1028.
File version of /sw/xilinx/ise_10.1i-x86_64/ISE/data/xusb_xlp.hex = 1303.
Firmware hex file version = 1303.
Downloading /sw/xilinx/ise_10.1i-x86_64/ISE/data/xusb_xlp.hex.
Downloaded firmware version = 1303.
PLD file version = 0012h.
 PLD version = 0012h.
Loading cdf file avnetchain.cdf...
INFO:iMPACT:1777 - 
   Reading /sw/xilinx/ise_10.1i-x86_64/ISE/xc18v00/data/xc18v01.bsd...
INFO:iMPACT:501 - '1': Added Device xc18v01 successfully.
----------------------------------------------------------------------
----------------------------------------------------------------------
INFO:iMPACT:1777 - 
   Reading /sw/xilinx/ise_10.1i-x86_64/ISE/acempm/data/xccacem64sc.bsd...
INFO:iMPACT:501 - '2': Added Device xccacem64sc successfully.
----------------------------------------------------------------------
----------------------------------------------------------------------
INFO:iMPACT:1777 - 
   Reading /sw/xilinx/ise_10.1i-x86_64/ISE/virtex2/data/xc2v4000.bsd...
INFO:iMPACT:501 - '3': Added Device xc2v4000 successfully.
----------------------------------------------------------------------
----------------------------------------------------------------------
Reusing A002D621 key.
Reusing 2402D621 key.
 Using libusb.
Connecting to cable (Usb Port - USB21).
Checking cable driver.
File version of /sw/xilinx/ise_10.1i-x86_64/ISE/bin/lin64/xusbdfwu.hex = 1030.
File version of /usr/share/xusbdfwu.hex = 1030.
 Using libusb.
 Max current requested during enumeration is 74 mA.
Type = 0x0004.
 Cable Type = 3, Revision = 0.
 Setting cable speed to 6 MHz.
Cable connection established.
Firmware version = 1303.
File version of /sw/xilinx/ise_10.1i-x86_64/ISE/data/xusb_xlp.hex = 1303.
Firmware hex file version = 1303.
PLD file version = 0012h.
 PLD version = 0012h.
Finish loading cdf file avnetchain.cdf.
'3': Loading file 'lab0.bit' ...
done.
----------------------------------------------------------------------
INFO:iMPACT:501 - '3': Added Device xc2v4000 successfully.
----------------------------------------------------------------------
----------------------------------------------------------------------
Maximum TCK operating frequency for this device chain: 10000000.
Validating chain...
Boundary-scan chain validated successfully.
'3': Programming device...
 Match_cycle = NoWait.
Match cycle: NoWait
done.
'3': Reading status register contents...
CRC error                                         :         0
Decryptor security set                            :         0
DCM locked                                        :         1
DCI matched                                       :         1
legacy input error                                :         0
status of GTS_CFG_B                               :         1
status of GWE                                     :         1
status of GHIGH                                   :         1
value of MODE pin M0                              :         1
value of MODE pin M1                              :         1
value of MODE pin M2                              :         1
value of CFG_RDY (INIT_B)                         :         1
DONEIN input from DONE pin                        :         1
IDCODE not validated while trying to write FDRI   :         0
write FDRI issued before or after decrypt operation:         0
Decryptor keys not used in proper sequence        :         0
INFO:iMPACT:2219 - Status register values:
INFO:iMPACT - 0011 0111 1111 1000 0000 0000 0000 0000 
INFO:iMPACT:579 - '3': Completed downloading bit file to device.
 Match_cycle = NoWait.
Match cycle: NoWait
INFO:iMPACT - '3': Checking done pin....done.
'3': Programmed successfully.
Elapsed time =      4 sec.
----------------------------------------------------------------------
----------------------------------------------------------------------
----------------------------------------------------------------------
----------------------------------------------------------------------
